Compiling vsnprintf...
Compiling the tests...
Linking...
Running printf tests...

Printing tests for suite: ./tests/libc/vsnprintf_tests.c
		snprintf
		vsnprintf
		space_flag
		plus_flag
		zero_flag
		minus_flag
		hashtag_flag
		specifier
		width
		width_20
		width_star_20
		width_minus_twenty
		width_zero_minus_twenty
		padding_twenty
		padding_dot_twenty
		padding_hashtag_020
		padding_hashtag_twenty
		padding_20_dot_5
		padding_neg_numbers
		float_padding_neg_numbers
		length
		types
		pointer
		unknown_flag
		string_length
		buffer_length
		ret_value
		misc

============================================
Running tests in suite: ./tests/libc/vsnprintf_tests.c
Running test: snprintf
Running test: vsnprintf
Running test: space_flag
Running test: plus_flag
Running test: zero_flag
Running test: minus_flag
./tests/libc/vsnprintf_tests.c:343 FAILED. Expected !strcmp(buffer, "-42.0          ") to be TRUE
Running test: hashtag_flag
./tests/libc/vsnprintf_tests.c:363 FAILED. Expected !strcmp(buffer, "0b110") to be TRUE
Running test: specifier
Running test: width
Running test: width_20
Running test: width_star_20
Running test: width_minus_twenty
Running test: width_zero_minus_twenty
Running test: padding_twenty
Running test: padding_dot_twenty
Running test: padding_hashtag_020
Running test: padding_hashtag_twenty
Running test: padding_20_dot_5
Running test: padding_neg_numbers
Running test: float_padding_neg_numbers
Running test: length
Running test: types
./tests/libc/vsnprintf_tests.c:1284 FAILED. Expected !strcmp(buffer, "1110101001100000") to be TRUE
Running test: pointer
./tests/libc/vsnprintf_tests.c:1349 FAILED. Expected !strcmp(buffer, "0000000000001234") to be TRUE
Running test: unknown_flag
Running test: string_length
./tests/libc/vsnprintf_tests.c:1408 FAILED. Expected !strcmp(buffer, ".2s") to be TRUE
Running test: buffer_length
Test crashed with the error:
Segmentation fault: 11
Running test: ret_value
Running test: misc
============================================

6 tests failed out of 28 tests in total
